<?xml version="1.0" encoding="UTF-8"?>
<!-- Generated by org.testng.reporters.JUnitReportReporter -->
<testsuite hostname="vendskp52" name="SupportLibraries.TestNG_Configuration" tests="2" failures="0" timestamp="7 Jun 2016 11:15:02 GMT" time="0.002" errors="0">
  <testcase name="Household" time="0.000" classname="SupportLibraries.TestNG_Configuration"/>
  <testcase name="EarnedIncome" time="0.002" classname="SupportLibraries.TestNG_Configuration"/>
</testsuite> <!-- SupportLibraries.TestNG_Configuration -->
