<?xml version="1.0" encoding="UTF-8"?>
<!-- Generated by org.testng.reporters.JUnitReportReporter -->
<testsuite hostname="USHYDSANUPATI5" name="ReusableFunctions.Household" tests="1" failures="0" timestamp="1 Sep 2015 12:44:59 GMT" time="0.023" errors="0">
  <testcase name="runtest" time="0.023" classname="ReusableFunctions.Household"/>
</testsuite> <!-- ReusableFunctions.Household -->
