<?xml version="1.0" encoding="UTF-8"?>
<!-- Generated by org.testng.reporters.JUnitReportReporter -->
<testsuite hostname="USHYDSANUPATI5" name="TestNG_Classes.Household" tests="1" failures="0" timestamp="8 Sep 2015 18:36:27 GMT" time="88.445" errors="0">
  <testcase name="runtest" time="88.445" classname="TestNG_Classes.Household"/>
</testsuite> <!-- TestNG_Classes.Household -->
