<?xml version="1.0" encoding="UTF-8"?>
<!-- Generated by org.testng.reporters.JUnitReportReporter -->
<testsuite hostname="USHYDSANUPATI5" name="TestNG_Classes.EarnedIncome" tests="1" failures="0" timestamp="8 Sep 2015 18:36:27 GMT" time="46.719" errors="0">
  <testcase name="runtest" time="46.719" classname="TestNG_Classes.EarnedIncome"/>
</testsuite> <!-- TestNG_Classes.EarnedIncome -->
